lib/android/build/intermediates/manifest_merge_blame_file/debug/manifest-merger-blame-debug-report.txt
1<?xml version="1.0" encoding="utf-8"?>
2<manifest xmlns:android="http://schemas.android.com/apk/res/android"
3    package="cn.qiuxiang.react.geolocation" >
4
5    <uses-sdk android:minSdkVersion="21" />
5-->src\main\AndroidManifest.xml
6
7    <uses-permission android:name="android.permission.ACCESS_COARSE_LOCATION" />
7-->src\main\AndroidManifest.xml:4:5-81
7-->src\main\AndroidManifest.xml:4:22-78
8    <uses-permission android:name="android.permission.ACCESS_FINE_LOCATION" />
8-->src\main\AndroidManifest.xml:5:5-79
8-->src\main\AndroidManifest.xml:5:22-76
9    <uses-permission android:name="android.permission.ACCESS_NETWORK_STATE" />
9-->src\main\AndroidManifest.xml:6:5-79
9-->src\main\AndroidManifest.xml:6:22-76
10    <uses-permission android:name="android.permission.ACCESS_WIFI_STATE" />
10-->src\main\AndroidManifest.xml:7:5-76
10-->src\main\AndroidManifest.xml:7:22-73
11    <uses-permission android:name="android.permission.CHANGE_WIFI_STATE" />
11-->src\main\AndroidManifest.xml:8:5-76
11-->src\main\AndroidManifest.xml:8:22-73
12    <uses-permission android:name="android.permission.INTERNET" />
12-->src\main\AndroidManifest.xml:9:5-67
12-->src\main\AndroidManifest.xml:9:22-64
13    <uses-permission android:name="android.permission.READ_PHONE_STATE" />
13-->src\main\AndroidManifest.xml:10:5-75
13-->src\main\AndroidManifest.xml:10:22-72
14    <uses-permission android:name="android.permission.WRITE_EXTERNAL_STORAGE" />
14-->src\main\AndroidManifest.xml:11:5-81
14-->src\main\AndroidManifest.xml:11:22-78
15    <uses-permission android:name="android.permission.ACCESS_LOCATION_EXTRA_COMMANDS" />
15-->src\main\AndroidManifest.xml:12:5-89
15-->src\main\AndroidManifest.xml:12:22-86
16    <uses-permission android:name="android.permission.BLUETOOTH" />
16-->src\main\AndroidManifest.xml:13:5-68
16-->src\main\AndroidManifest.xml:13:22-65
17    <uses-permission android:name="android.permission.BLUETOOTH_ADMIN" />
17-->src\main\AndroidManifest.xml:14:5-74
17-->src\main\AndroidManifest.xml:14:22-71
18
19    <application>
19-->src\main\AndroidManifest.xml:16:5-18:19
20        <service android:name="com.amap.api.location.APSService" />
20-->src\main\AndroidManifest.xml:17:9-68
20-->src\main\AndroidManifest.xml:17:18-65
21    </application>
22
23</manifest>